 [2021-03-06 07:41:36.248 Info] Starting firmware update
 [2021-03-06 07:41:36.249 Info] Specified firmware file: C:\projects\st\openblt\MultiStage\Boot1Net\Debug\demoprog_discovery_stm32f407.srec
 [2021-03-06 07:41:36.250 Info] Using LibOpenBLT version 1.03.05
 [2021-03-06 07:41:36.250 Info] Detected session protocol: XCP version 1.0
 [2021-03-06 07:41:36.250 Info] Using session protocol settings:
 [2021-03-06 07:41:36.250 Info]   -> Timeout T1: 1000 ms
 [2021-03-06 07:41:36.251 Info]   -> Timeout T3: 2000 ms
 [2021-03-06 07:41:36.251 Info]   -> Timeout T4: 10000 ms
 [2021-03-06 07:41:36.251 Info]   -> Timeout T5: 1000 ms
 [2021-03-06 07:41:36.251 Info]   -> Timeout T6: 50 ms
 [2021-03-06 07:41:36.251 Info]   -> Timeout T7: 2000 ms
 [2021-03-06 07:41:36.251 Info]   -> Seed/Key file: libseednkey.dll
 [2021-03-06 07:41:36.251 Info]   -> Connection mode: 0
 [2021-03-06 07:41:36.251 Info] Detected transport layer: XCP on RS232
 [2021-03-06 07:41:36.251 Info] Using transport layer settings:
 [2021-03-06 07:41:36.251 Info]   -> Device: COM6
 [2021-03-06 07:41:36.251 Info]   -> Baudrate: 115200 bit/sec
 [2021-03-06 07:41:36.251 Info] Initializing firmware update engine
 [2021-03-06 07:41:36.273 Info] Loading firmware data from file
 [2021-03-06 07:41:36.322 Info]   -> Number of segments: 2
 [2021-03-06 07:41:36.322 Info]   -> Base memory address: 08004000h
 [2021-03-06 07:41:36.322 Info]   -> Total data size: 93276
 [2021-03-06 07:41:36.322 Info] Connecting to the target
 [2021-03-06 07:41:36.553 Info] Erasing 396 bytes starting at 08004000h
 [2021-03-06 07:41:36.801 Info] Erasing 32768 bytes starting at 08004190h
 [2021-03-06 07:41:37.476 Info] Erasing 32768 bytes starting at 0800C190h
 [2021-03-06 07:41:38.211 Info] Erasing 27344 bytes starting at 08014190h
 [2021-03-06 07:41:38.739 Info] Programming 256 bytes starting at 08004000h
 [2021-03-06 07:41:38.835 Info] Programming 140 bytes starting at 08004100h
 [2021-03-06 07:41:38.899 Info] Programming 256 bytes starting at 08004190h
 [2021-03-06 07:41:38.995 Info] Programming 256 bytes starting at 08004290h
 [2021-03-06 07:41:39.091 Info] Programming 256 bytes starting at 08004390h
 [2021-03-06 07:41:39.187 Info] Programming 256 bytes starting at 08004490h
 [2021-03-06 07:41:39.283 Info] Programming 256 bytes starting at 08004590h
 [2021-03-06 07:41:39.378 Info] Programming 256 bytes starting at 08004690h
 [2021-03-06 07:41:39.475 Info] Programming 256 bytes starting at 08004790h
 [2021-03-06 07:41:39.571 Info] Programming 256 bytes starting at 08004890h
 [2021-03-06 07:41:39.666 Info] Programming 256 bytes starting at 08004990h
 [2021-03-06 07:41:39.762 Info] Programming 256 bytes starting at 08004A90h
 [2021-03-06 07:41:39.858 Info] Programming 256 bytes starting at 08004B90h
 [2021-03-06 07:41:39.954 Info] Programming 256 bytes starting at 08004C90h
 [2021-03-06 07:41:40.050 Info] Programming 256 bytes starting at 08004D90h
 [2021-03-06 07:41:40.146 Info] Programming 256 bytes starting at 08004E90h
 [2021-03-06 07:41:40.242 Info] Programming 256 bytes starting at 08004F90h
 [2021-03-06 07:41:40.338 Info] Programming 256 bytes starting at 08005090h
 [2021-03-06 07:41:40.434 Info] Programming 256 bytes starting at 08005190h
 [2021-03-06 07:41:40.530 Info] Programming 256 bytes starting at 08005290h
 [2021-03-06 07:41:40.626 Info] Programming 256 bytes starting at 08005390h
 [2021-03-06 07:41:40.722 Info] Programming 256 bytes starting at 08005490h
 [2021-03-06 07:41:40.818 Info] Programming 256 bytes starting at 08005590h
 [2021-03-06 07:41:40.913 Info] Programming 256 bytes starting at 08005690h
 [2021-03-06 07:41:41.009 Info] Programming 256 bytes starting at 08005790h
 [2021-03-06 07:41:41.105 Info] Programming 256 bytes starting at 08005890h
 [2021-03-06 07:41:41.201 Info] Programming 256 bytes starting at 08005990h
 [2021-03-06 07:41:41.297 Info] Programming 256 bytes starting at 08005A90h
 [2021-03-06 07:41:41.393 Info] Programming 256 bytes starting at 08005B90h
 [2021-03-06 07:41:41.489 Info] Programming 256 bytes starting at 08005C90h
 [2021-03-06 07:41:41.585 Info] Programming 256 bytes starting at 08005D90h
 [2021-03-06 07:41:41.681 Info] Programming 256 bytes starting at 08005E90h
 [2021-03-06 07:41:41.777 Info] Programming 256 bytes starting at 08005F90h
 [2021-03-06 07:41:41.873 Info] Programming 256 bytes starting at 08006090h
 [2021-03-06 07:41:41.968 Info] Programming 256 bytes starting at 08006190h
 [2021-03-06 07:41:42.065 Info] Programming 256 bytes starting at 08006290h
 [2021-03-06 07:41:42.161 Info] Programming 256 bytes starting at 08006390h
 [2021-03-06 07:41:42.257 Info] Programming 256 bytes starting at 08006490h
 [2021-03-06 07:41:42.353 Info] Programming 256 bytes starting at 08006590h
 [2021-03-06 07:41:42.449 Info] Programming 256 bytes starting at 08006690h
 [2021-03-06 07:41:42.544 Info] Programming 256 bytes starting at 08006790h
 [2021-03-06 07:41:42.640 Info] Programming 256 bytes starting at 08006890h
 [2021-03-06 07:41:42.736 Info] Programming 256 bytes starting at 08006990h
 [2021-03-06 07:41:42.832 Info] Programming 256 bytes starting at 08006A90h
 [2021-03-06 07:41:42.928 Info] Programming 256 bytes starting at 08006B90h
 [2021-03-06 07:41:43.024 Info] Programming 256 bytes starting at 08006C90h
 [2021-03-06 07:41:43.120 Info] Programming 256 bytes starting at 08006D90h
 [2021-03-06 07:41:43.216 Info] Programming 256 bytes starting at 08006E90h
 [2021-03-06 07:41:43.312 Info] Programming 256 bytes starting at 08006F90h
 [2021-03-06 07:41:43.407 Info] Programming 256 bytes starting at 08007090h
 [2021-03-06 07:41:43.504 Info] Programming 256 bytes starting at 08007190h
 [2021-03-06 07:41:43.600 Info] Programming 256 bytes starting at 08007290h
 [2021-03-06 07:41:43.696 Info] Programming 256 bytes starting at 08007390h
 [2021-03-06 07:41:43.792 Info] Programming 256 bytes starting at 08007490h
 [2021-03-06 07:41:43.887 Info] Programming 256 bytes starting at 08007590h
 [2021-03-06 07:41:43.983 Info] Programming 256 bytes starting at 08007690h
 [2021-03-06 07:41:44.079 Info] Programming 256 bytes starting at 08007790h
 [2021-03-06 07:41:44.175 Info] Programming 256 bytes starting at 08007890h
 [2021-03-06 07:41:44.271 Info] Programming 256 bytes starting at 08007990h
 [2021-03-06 07:41:44.367 Info] Programming 256 bytes starting at 08007A90h
 [2021-03-06 07:41:44.463 Info] Programming 256 bytes starting at 08007B90h
 [2021-03-06 07:41:44.559 Info] Programming 256 bytes starting at 08007C90h
 [2021-03-06 07:41:44.654 Info] Programming 256 bytes starting at 08007D90h
 [2021-03-06 07:41:44.751 Info] Programming 256 bytes starting at 08007E90h
 [2021-03-06 07:41:44.847 Info] Programming 256 bytes starting at 08007F90h
 [2021-03-06 07:41:44.943 Info] Programming 256 bytes starting at 08008090h
 [2021-03-06 07:41:45.039 Info] Programming 256 bytes starting at 08008190h
 [2021-03-06 07:41:45.135 Info] Programming 256 bytes starting at 08008290h
 [2021-03-06 07:41:45.230 Info] Programming 256 bytes starting at 08008390h
 [2021-03-06 07:41:45.326 Info] Programming 256 bytes starting at 08008490h
 [2021-03-06 07:41:45.422 Info] Programming 256 bytes starting at 08008590h
 [2021-03-06 07:41:45.518 Info] Programming 256 bytes starting at 08008690h
 [2021-03-06 07:41:45.614 Info] Programming 256 bytes starting at 08008790h
 [2021-03-06 07:41:45.710 Info] Programming 256 bytes starting at 08008890h
 [2021-03-06 07:41:45.806 Info] Programming 256 bytes starting at 08008990h
 [2021-03-06 07:41:45.902 Info] Programming 256 bytes starting at 08008A90h
 [2021-03-06 07:41:45.998 Info] Programming 256 bytes starting at 08008B90h
 [2021-03-06 07:41:46.094 Info] Programming 256 bytes starting at 08008C90h
 [2021-03-06 07:41:46.189 Info] Programming 256 bytes starting at 08008D90h
 [2021-03-06 07:41:46.286 Info] Programming 256 bytes starting at 08008E90h
 [2021-03-06 07:41:46.382 Info] Programming 256 bytes starting at 08008F90h
 [2021-03-06 07:41:46.478 Info] Programming 256 bytes starting at 08009090h
 [2021-03-06 07:41:46.574 Info] Programming 256 bytes starting at 08009190h
 [2021-03-06 07:41:46.669 Info] Programming 256 bytes starting at 08009290h
 [2021-03-06 07:41:46.765 Info] Programming 256 bytes starting at 08009390h
 [2021-03-06 07:41:46.861 Info] Programming 256 bytes starting at 08009490h
 [2021-03-06 07:41:46.957 Info] Programming 256 bytes starting at 08009590h
 [2021-03-06 07:41:47.053 Info] Programming 256 bytes starting at 08009690h
 [2021-03-06 07:41:47.149 Info] Programming 256 bytes starting at 08009790h
 [2021-03-06 07:41:47.245 Info] Programming 256 bytes starting at 08009890h
 [2021-03-06 07:41:47.341 Info] Programming 256 bytes starting at 08009990h
 [2021-03-06 07:41:47.437 Info] Programming 256 bytes starting at 08009A90h
 [2021-03-06 07:41:47.533 Info] Programming 256 bytes starting at 08009B90h
 [2021-03-06 07:41:47.629 Info] Programming 256 bytes starting at 08009C90h
 [2021-03-06 07:41:47.725 Info] Programming 256 bytes starting at 08009D90h
 [2021-03-06 07:41:47.821 Info] Programming 256 bytes starting at 08009E90h
 [2021-03-06 07:41:47.917 Info] Programming 256 bytes starting at 08009F90h
 [2021-03-06 07:41:48.012 Info] Programming 256 bytes starting at 0800A090h
 [2021-03-06 07:41:48.108 Info] Programming 256 bytes starting at 0800A190h
 [2021-03-06 07:41:48.221 Info] Programming 256 bytes starting at 0800A290h
 [2021-03-06 07:41:48.317 Info] Programming 256 bytes starting at 0800A390h
 [2021-03-06 07:41:48.413 Info] Programming 256 bytes starting at 0800A490h
 [2021-03-06 07:41:48.508 Info] Programming 256 bytes starting at 0800A590h
 [2021-03-06 07:41:48.606 Info] Programming 256 bytes starting at 0800A690h
 [2021-03-06 07:41:48.701 Info] Programming 256 bytes starting at 0800A790h
 [2021-03-06 07:41:48.796 Info] Programming 256 bytes starting at 0800A890h
 [2021-03-06 07:41:48.893 Info] Programming 256 bytes starting at 0800A990h
 [2021-03-06 07:41:48.988 Info] Programming 256 bytes starting at 0800AA90h
 [2021-03-06 07:41:49.085 Info] Programming 256 bytes starting at 0800AB90h
 [2021-03-06 07:41:49.175 Info] Programming 256 bytes starting at 0800AC90h
 [2021-03-06 07:41:49.268 Info] Programming 256 bytes starting at 0800AD90h
 [2021-03-06 07:41:49.369 Info] Programming 256 bytes starting at 0800AE90h
 [2021-03-06 07:41:49.454 Info] Programming 256 bytes starting at 0800AF90h
 [2021-03-06 07:41:49.554 Info] Programming 256 bytes starting at 0800B090h
 [2021-03-06 07:41:49.647 Info] Programming 256 bytes starting at 0800B190h
 [2021-03-06 07:41:49.754 Info] Programming 256 bytes starting at 0800B290h
 [2021-03-06 07:41:49.839 Info] Programming 256 bytes starting at 0800B390h
 [2021-03-06 07:41:49.940 Info] Programming 256 bytes starting at 0800B490h
 [2021-03-06 07:41:50.040 Info] Programming 256 bytes starting at 0800B590h
 [2021-03-06 07:41:50.125 Info] Programming 256 bytes starting at 0800B690h
 [2021-03-06 07:41:50.235 Info] Programming 256 bytes starting at 0800B790h
 [2021-03-06 07:41:50.331 Info] Programming 256 bytes starting at 0800B890h
 [2021-03-06 07:41:50.426 Info] Programming 256 bytes starting at 0800B990h
 [2021-03-06 07:41:50.523 Info] Programming 256 bytes starting at 0800BA90h
 [2021-03-06 07:41:50.619 Info] Programming 256 bytes starting at 0800BB90h
 [2021-03-06 07:41:50.714 Info] Programming 256 bytes starting at 0800BC90h
 [2021-03-06 07:41:50.811 Info] Programming 256 bytes starting at 0800BD90h
 [2021-03-06 07:41:50.907 Info] Programming 256 bytes starting at 0800BE90h
 [2021-03-06 07:41:51.002 Info] Programming 256 bytes starting at 0800BF90h
 [2021-03-06 07:41:51.098 Info] Programming 256 bytes starting at 0800C090h
 [2021-03-06 07:41:51.194 Info] Programming 256 bytes starting at 0800C190h
 [2021-03-06 07:41:51.290 Info] Programming 256 bytes starting at 0800C290h
 [2021-03-06 07:41:51.386 Info] Programming 256 bytes starting at 0800C390h
 [2021-03-06 07:41:51.482 Info] Programming 256 bytes starting at 0800C490h
 [2021-03-06 07:41:51.577 Info] Programming 256 bytes starting at 0800C590h
 [2021-03-06 07:41:51.674 Info] Programming 256 bytes starting at 0800C690h
 [2021-03-06 07:41:51.770 Info] Programming 256 bytes starting at 0800C790h
 [2021-03-06 07:41:51.866 Info] Programming 256 bytes starting at 0800C890h
 [2021-03-06 07:41:51.961 Info] Programming 256 bytes starting at 0800C990h
 [2021-03-06 07:41:52.058 Info] Programming 256 bytes starting at 0800CA90h
 [2021-03-06 07:41:52.154 Info] Programming 256 bytes starting at 0800CB90h
 [2021-03-06 07:41:52.250 Info] Programming 256 bytes starting at 0800CC90h
 [2021-03-06 07:41:52.346 Info] Programming 256 bytes starting at 0800CD90h
 [2021-03-06 07:41:52.442 Info] Programming 256 bytes starting at 0800CE90h
 [2021-03-06 07:41:52.537 Info] Programming 256 bytes starting at 0800CF90h
 [2021-03-06 07:41:52.633 Info] Programming 256 bytes starting at 0800D090h
 [2021-03-06 07:41:52.729 Info] Programming 256 bytes starting at 0800D190h
 [2021-03-06 07:41:52.825 Info] Programming 256 bytes starting at 0800D290h
 [2021-03-06 07:41:52.921 Info] Programming 256 bytes starting at 0800D390h
 [2021-03-06 07:41:53.017 Info] Programming 256 bytes starting at 0800D490h
 [2021-03-06 07:41:53.113 Info] Programming 256 bytes starting at 0800D590h
 [2021-03-06 07:41:53.209 Info] Programming 256 bytes starting at 0800D690h
 [2021-03-06 07:41:53.306 Info] Programming 256 bytes starting at 0800D790h
 [2021-03-06 07:41:53.400 Info] Programming 256 bytes starting at 0800D890h
 [2021-03-06 07:41:53.497 Info] Programming 256 bytes starting at 0800D990h
 [2021-03-06 07:41:53.592 Info] Programming 256 bytes starting at 0800DA90h
 [2021-03-06 07:41:53.689 Info] Programming 256 bytes starting at 0800DB90h
 [2021-03-06 07:41:53.784 Info] Programming 256 bytes starting at 0800DC90h
 [2021-03-06 07:41:53.880 Info] Programming 256 bytes starting at 0800DD90h
 [2021-03-06 07:41:53.976 Info] Programming 256 bytes starting at 0800DE90h
 [2021-03-06 07:41:54.072 Info] Programming 256 bytes starting at 0800DF90h
 [2021-03-06 07:41:54.168 Info] Programming 256 bytes starting at 0800E090h
 [2021-03-06 07:41:54.264 Info] Programming 256 bytes starting at 0800E190h
 [2021-03-06 07:41:54.360 Info] Programming 256 bytes starting at 0800E290h
 [2021-03-06 07:41:54.456 Info] Programming 256 bytes starting at 0800E390h
 [2021-03-06 07:41:54.552 Info] Programming 256 bytes starting at 0800E490h
 [2021-03-06 07:41:54.648 Info] Programming 256 bytes starting at 0800E590h
 [2021-03-06 07:41:54.744 Info] Programming 256 bytes starting at 0800E690h
 [2021-03-06 07:41:54.840 Info] Programming 256 bytes starting at 0800E790h
 [2021-03-06 07:41:54.935 Info] Programming 256 bytes starting at 0800E890h
 [2021-03-06 07:41:55.031 Info] Programming 256 bytes starting at 0800E990h
 [2021-03-06 07:41:55.127 Info] Programming 256 bytes starting at 0800EA90h
 [2021-03-06 07:41:55.223 Info] Programming 256 bytes starting at 0800EB90h
 [2021-03-06 07:41:55.319 Info] Programming 256 bytes starting at 0800EC90h
 [2021-03-06 07:41:55.440 Info] Programming 256 bytes starting at 0800ED90h
 [2021-03-06 07:41:55.528 Info] Programming 256 bytes starting at 0800EE90h
 [2021-03-06 07:41:55.623 Info] Programming 256 bytes starting at 0800EF90h
 [2021-03-06 07:41:55.719 Info] Programming 256 bytes starting at 0800F090h
 [2021-03-06 07:41:55.815 Info] Programming 256 bytes starting at 0800F190h
 [2021-03-06 07:41:55.911 Info] Programming 256 bytes starting at 0800F290h
 [2021-03-06 07:41:56.007 Info] Programming 256 bytes starting at 0800F390h
 [2021-03-06 07:41:56.103 Info] Programming 256 bytes starting at 0800F490h
 [2021-03-06 07:41:56.199 Info] Programming 256 bytes starting at 0800F590h
 [2021-03-06 07:41:56.294 Info] Programming 256 bytes starting at 0800F690h
 [2021-03-06 07:41:56.391 Info] Programming 256 bytes starting at 0800F790h
 [2021-03-06 07:41:56.487 Info] Programming 256 bytes starting at 0800F890h
 [2021-03-06 07:41:56.582 Info] Programming 256 bytes starting at 0800F990h
 [2021-03-06 07:41:56.679 Info] Programming 256 bytes starting at 0800FA90h
 [2021-03-06 07:41:56.774 Info] Programming 256 bytes starting at 0800FB90h
 [2021-03-06 07:41:56.870 Info] Programming 256 bytes starting at 0800FC90h
 [2021-03-06 07:41:56.966 Info] Programming 256 bytes starting at 0800FD90h
 [2021-03-06 07:41:57.062 Info] Programming 256 bytes starting at 0800FE90h
 [2021-03-06 07:41:57.158 Info] Programming 256 bytes starting at 0800FF90h
 [2021-03-06 07:41:57.254 Info] Programming 256 bytes starting at 08010090h
 [2021-03-06 07:41:57.350 Info] Programming 256 bytes starting at 08010190h
 [2021-03-06 07:41:57.446 Info] Programming 256 bytes starting at 08010290h
 [2021-03-06 07:41:57.542 Info] Programming 256 bytes starting at 08010390h
 [2021-03-06 07:41:57.638 Info] Programming 256 bytes starting at 08010490h
 [2021-03-06 07:41:57.733 Info] Programming 256 bytes starting at 08010590h
 [2021-03-06 07:41:57.830 Info] Programming 256 bytes starting at 08010690h
 [2021-03-06 07:41:57.926 Info] Programming 256 bytes starting at 08010790h
 [2021-03-06 07:41:58.022 Info] Programming 256 bytes starting at 08010890h
 [2021-03-06 07:41:58.118 Info] Programming 256 bytes starting at 08010990h
 [2021-03-06 07:41:58.214 Info] Programming 256 bytes starting at 08010A90h
 [2021-03-06 07:41:58.310 Info] Programming 256 bytes starting at 08010B90h
 [2021-03-06 07:41:58.405 Info] Programming 256 bytes starting at 08010C90h
 [2021-03-06 07:41:58.501 Info] Programming 256 bytes starting at 08010D90h
 [2021-03-06 07:41:58.597 Info] Programming 256 bytes starting at 08010E90h
 [2021-03-06 07:41:58.693 Info] Programming 256 bytes starting at 08010F90h
 [2021-03-06 07:41:58.789 Info] Programming 256 bytes starting at 08011090h
 [2021-03-06 07:41:58.885 Info] Programming 256 bytes starting at 08011190h
 [2021-03-06 07:41:58.981 Info] Programming 256 bytes starting at 08011290h
 [2021-03-06 07:41:59.077 Info] Programming 256 bytes starting at 08011390h
 [2021-03-06 07:41:59.173 Info] Programming 256 bytes starting at 08011490h
 [2021-03-06 07:41:59.293 Info] Programming 256 bytes starting at 08011590h
 [2021-03-06 07:41:59.380 Info] Programming 256 bytes starting at 08011690h
 [2021-03-06 07:41:59.476 Info] Programming 256 bytes starting at 08011790h
 [2021-03-06 07:41:59.572 Info] Programming 256 bytes starting at 08011890h
 [2021-03-06 07:41:59.668 Info] Programming 256 bytes starting at 08011990h
 [2021-03-06 07:41:59.764 Info] Programming 256 bytes starting at 08011A90h
 [2021-03-06 07:41:59.861 Info] Programming 256 bytes starting at 08011B90h
 [2021-03-06 07:41:59.957 Info] Programming 256 bytes starting at 08011C90h
 [2021-03-06 07:42:00.052 Info] Programming 256 bytes starting at 08011D90h
 [2021-03-06 07:42:00.148 Info] Programming 256 bytes starting at 08011E90h
 [2021-03-06 07:42:00.244 Info] Programming 256 bytes starting at 08011F90h
 [2021-03-06 07:42:00.340 Info] Programming 256 bytes starting at 08012090h
 [2021-03-06 07:42:00.436 Info] Programming 256 bytes starting at 08012190h
 [2021-03-06 07:42:00.532 Info] Programming 256 bytes starting at 08012290h
 [2021-03-06 07:42:00.628 Info] Programming 256 bytes starting at 08012390h
 [2021-03-06 07:42:00.723 Info] Programming 256 bytes starting at 08012490h
 [2021-03-06 07:42:00.820 Info] Programming 256 bytes starting at 08012590h
 [2021-03-06 07:42:00.915 Info] Programming 256 bytes starting at 08012690h
 [2021-03-06 07:42:01.011 Info] Programming 256 bytes starting at 08012790h
 [2021-03-06 07:42:01.107 Info] Programming 256 bytes starting at 08012890h
 [2021-03-06 07:42:01.203 Info] Programming 256 bytes starting at 08012990h
 [2021-03-06 07:42:01.299 Info] Programming 256 bytes starting at 08012A90h
 [2021-03-06 07:42:01.395 Info] Programming 256 bytes starting at 08012B90h
 [2021-03-06 07:42:01.491 Info] Programming 256 bytes starting at 08012C90h
 [2021-03-06 07:42:01.587 Info] Programming 256 bytes starting at 08012D90h
 [2021-03-06 07:42:01.683 Info] Programming 256 bytes starting at 08012E90h
 [2021-03-06 07:42:01.779 Info] Programming 256 bytes starting at 08012F90h
 [2021-03-06 07:42:01.875 Info] Programming 256 bytes starting at 08013090h
 [2021-03-06 07:42:01.971 Info] Programming 256 bytes starting at 08013190h
 [2021-03-06 07:42:02.067 Info] Programming 256 bytes starting at 08013290h
 [2021-03-06 07:42:02.163 Info] Programming 256 bytes starting at 08013390h
 [2021-03-06 07:42:02.259 Info] Programming 256 bytes starting at 08013490h
 [2021-03-06 07:42:02.354 Info] Programming 256 bytes starting at 08013590h
 [2021-03-06 07:42:02.451 Info] Programming 256 bytes starting at 08013690h
 [2021-03-06 07:42:02.547 Info] Programming 256 bytes starting at 08013790h
 [2021-03-06 07:42:02.642 Info] Programming 256 bytes starting at 08013890h
 [2021-03-06 07:42:02.738 Info] Programming 256 bytes starting at 08013990h
 [2021-03-06 07:42:02.834 Info] Programming 256 bytes starting at 08013A90h
 [2021-03-06 07:42:02.930 Info] Programming 256 bytes starting at 08013B90h
 [2021-03-06 07:42:03.026 Info] Programming 256 bytes starting at 08013C90h
 [2021-03-06 07:42:03.122 Info] Programming 256 bytes starting at 08013D90h
 [2021-03-06 07:42:03.218 Info] Programming 256 bytes starting at 08013E90h
 [2021-03-06 07:42:03.314 Info] Programming 256 bytes starting at 08013F90h
 [2021-03-06 07:42:03.410 Info] Programming 256 bytes starting at 08014090h
 [2021-03-06 07:42:03.505 Info] Programming 256 bytes starting at 08014190h
 [2021-03-06 07:42:03.601 Info] Programming 256 bytes starting at 08014290h
 [2021-03-06 07:42:03.697 Info] Programming 256 bytes starting at 08014390h
 [2021-03-06 07:42:03.793 Info] Programming 256 bytes starting at 08014490h
 [2021-03-06 07:42:03.890 Info] Programming 256 bytes starting at 08014590h
 [2021-03-06 07:42:03.985 Info] Programming 256 bytes starting at 08014690h
 [2021-03-06 07:42:04.081 Info] Programming 256 bytes starting at 08014790h
 [2021-03-06 07:42:04.177 Info] Programming 256 bytes starting at 08014890h
 [2021-03-06 07:42:04.273 Info] Programming 256 bytes starting at 08014990h
 [2021-03-06 07:42:04.369 Info] Programming 256 bytes starting at 08014A90h
 [2021-03-06 07:42:04.465 Info] Programming 256 bytes starting at 08014B90h
 [2021-03-06 07:42:04.561 Info] Programming 256 bytes starting at 08014C90h
 [2021-03-06 07:42:04.657 Info] Programming 256 bytes starting at 08014D90h
 [2021-03-06 07:42:04.754 Info] Programming 256 bytes starting at 08014E90h
 [2021-03-06 07:42:04.848 Info] Programming 256 bytes starting at 08014F90h
 [2021-03-06 07:42:04.945 Info] Programming 256 bytes starting at 08015090h
 [2021-03-06 07:42:05.041 Info] Programming 256 bytes starting at 08015190h
 [2021-03-06 07:42:05.136 Info] Programming 256 bytes starting at 08015290h
 [2021-03-06 07:42:05.233 Info] Programming 256 bytes starting at 08015390h
 [2021-03-06 07:42:05.329 Info] Programming 256 bytes starting at 08015490h
 [2021-03-06 07:42:05.424 Info] Programming 256 bytes starting at 08015590h
 [2021-03-06 07:42:05.520 Info] Programming 256 bytes starting at 08015690h
 [2021-03-06 07:42:05.621 Info] Programming 256 bytes starting at 08015790h
 [2021-03-06 07:42:05.712 Info] Programming 256 bytes starting at 08015890h
 [2021-03-06 07:42:05.808 Info] Programming 256 bytes starting at 08015990h
 [2021-03-06 07:42:05.904 Info] Programming 256 bytes starting at 08015A90h
 [2021-03-06 07:42:06.000 Info] Programming 256 bytes starting at 08015B90h
 [2021-03-06 07:42:06.096 Info] Programming 256 bytes starting at 08015C90h
 [2021-03-06 07:42:06.192 Info] Programming 256 bytes starting at 08015D90h
 [2021-03-06 07:42:06.287 Info] Programming 256 bytes starting at 08015E90h
 [2021-03-06 07:42:06.383 Info] Programming 256 bytes starting at 08015F90h
 [2021-03-06 07:42:06.479 Info] Programming 256 bytes starting at 08016090h
 [2021-03-06 07:42:06.575 Info] Programming 256 bytes starting at 08016190h
 [2021-03-06 07:42:06.671 Info] Programming 256 bytes starting at 08016290h
 [2021-03-06 07:42:06.767 Info] Programming 256 bytes starting at 08016390h
 [2021-03-06 07:42:06.863 Info] Programming 256 bytes starting at 08016490h
 [2021-03-06 07:42:06.959 Info] Programming 256 bytes starting at 08016590h
 [2021-03-06 07:42:07.054 Info] Programming 256 bytes starting at 08016690h
 [2021-03-06 07:42:07.151 Info] Programming 256 bytes starting at 08016790h
 [2021-03-06 07:42:07.247 Info] Programming 256 bytes starting at 08016890h
 [2021-03-06 07:42:07.343 Info] Programming 256 bytes starting at 08016990h
 [2021-03-06 07:42:07.439 Info] Programming 256 bytes starting at 08016A90h
 [2021-03-06 07:42:07.535 Info] Programming 256 bytes starting at 08016B90h
 [2021-03-06 07:42:07.630 Info] Programming 256 bytes starting at 08016C90h
 [2021-03-06 07:42:07.726 Info] Programming 256 bytes starting at 08016D90h
 [2021-03-06 07:42:07.822 Info] Programming 256 bytes starting at 08016E90h
 [2021-03-06 07:42:07.918 Info] Programming 256 bytes starting at 08016F90h
 [2021-03-06 07:42:08.014 Info] Programming 256 bytes starting at 08017090h
 [2021-03-06 07:42:08.110 Info] Programming 256 bytes starting at 08017190h
 [2021-03-06 07:42:08.206 Info] Programming 256 bytes starting at 08017290h
 [2021-03-06 07:42:08.301 Info] Programming 256 bytes starting at 08017390h
 [2021-03-06 07:42:08.398 Info] Programming 256 bytes starting at 08017490h
 [2021-03-06 07:42:08.494 Info] Programming 256 bytes starting at 08017590h
 [2021-03-06 07:42:08.590 Info] Programming 256 bytes starting at 08017690h
 [2021-03-06 07:42:08.686 Info] Programming 256 bytes starting at 08017790h
 [2021-03-06 07:42:08.782 Info] Programming 256 bytes starting at 08017890h
 [2021-03-06 07:42:08.878 Info] Programming 256 bytes starting at 08017990h
 [2021-03-06 07:42:08.974 Info] Programming 256 bytes starting at 08017A90h
 [2021-03-06 07:42:09.069 Info] Programming 256 bytes starting at 08017B90h
 [2021-03-06 07:42:09.165 Info] Programming 256 bytes starting at 08017C90h
 [2021-03-06 07:42:09.261 Info] Programming 256 bytes starting at 08017D90h
 [2021-03-06 07:42:09.357 Info] Programming 256 bytes starting at 08017E90h
 [2021-03-06 07:42:09.453 Info] Programming 256 bytes starting at 08017F90h
 [2021-03-06 07:42:09.549 Info] Programming 256 bytes starting at 08018090h
 [2021-03-06 07:42:09.645 Info] Programming 256 bytes starting at 08018190h
 [2021-03-06 07:42:09.741 Info] Programming 256 bytes starting at 08018290h
 [2021-03-06 07:42:09.837 Info] Programming 256 bytes starting at 08018390h
 [2021-03-06 07:42:09.933 Info] Programming 256 bytes starting at 08018490h
 [2021-03-06 07:42:10.029 Info] Programming 256 bytes starting at 08018590h
 [2021-03-06 07:42:10.125 Info] Programming 256 bytes starting at 08018690h
 [2021-03-06 07:42:10.221 Info] Programming 256 bytes starting at 08018790h
 [2021-03-06 07:42:10.317 Info] Programming 256 bytes starting at 08018890h
 [2021-03-06 07:42:10.412 Info] Programming 256 bytes starting at 08018990h
 [2021-03-06 07:42:10.508 Info] Programming 256 bytes starting at 08018A90h
 [2021-03-06 07:42:10.604 Info] Programming 256 bytes starting at 08018B90h
 [2021-03-06 07:42:10.700 Info] Programming 256 bytes starting at 08018C90h
 [2021-03-06 07:42:10.796 Info] Programming 256 bytes starting at 08018D90h
 [2021-03-06 07:42:10.892 Info] Programming 256 bytes starting at 08018E90h
 [2021-03-06 07:42:10.988 Info] Programming 256 bytes starting at 08018F90h
 [2021-03-06 07:42:11.084 Info] Programming 256 bytes starting at 08019090h
 [2021-03-06 07:42:11.180 Info] Programming 256 bytes starting at 08019190h
 [2021-03-06 07:42:11.276 Info] Programming 256 bytes starting at 08019290h
 [2021-03-06 07:42:11.372 Info] Programming 256 bytes starting at 08019390h
 [2021-03-06 07:42:11.468 Info] Programming 256 bytes starting at 08019490h
 [2021-03-06 07:42:11.564 Info] Programming 256 bytes starting at 08019590h
 [2021-03-06 07:42:11.660 Info] Programming 256 bytes starting at 08019690h
 [2021-03-06 07:42:11.755 Info] Programming 256 bytes starting at 08019790h
 [2021-03-06 07:42:11.851 Info] Programming 256 bytes starting at 08019890h
 [2021-03-06 07:42:11.947 Info] Programming 256 bytes starting at 08019990h
 [2021-03-06 07:42:12.043 Info] Programming 256 bytes starting at 08019A90h
 [2021-03-06 07:42:12.139 Info] Programming 256 bytes starting at 08019B90h
 [2021-03-06 07:42:12.235 Info] Programming 256 bytes starting at 08019C90h
 [2021-03-06 07:42:12.331 Info] Programming 256 bytes starting at 08019D90h
 [2021-03-06 07:42:12.427 Info] Programming 256 bytes starting at 08019E90h
 [2021-03-06 07:42:12.523 Info] Programming 256 bytes starting at 08019F90h
 [2021-03-06 07:42:12.619 Info] Programming 256 bytes starting at 0801A090h
 [2021-03-06 07:42:12.715 Info] Programming 256 bytes starting at 0801A190h
 [2021-03-06 07:42:12.811 Info] Programming 256 bytes starting at 0801A290h
 [2021-03-06 07:42:12.906 Info] Programming 256 bytes starting at 0801A390h
 [2021-03-06 07:42:13.003 Info] Programming 256 bytes starting at 0801A490h
 [2021-03-06 07:42:13.099 Info] Programming 256 bytes starting at 0801A590h
 [2021-03-06 07:42:13.194 Info] Programming 256 bytes starting at 0801A690h
 [2021-03-06 07:42:13.290 Info] Programming 256 bytes starting at 0801A790h
 [2021-03-06 07:42:13.387 Info] Programming 256 bytes starting at 0801A890h
 [2021-03-06 07:42:13.482 Info] Programming 256 bytes starting at 0801A990h
 [2021-03-06 07:42:13.578 Info] Programming 256 bytes starting at 0801AA90h
 [2021-03-06 07:42:13.673 Info] Programming 208 bytes starting at 0801AB90h
 [2021-03-06 07:42:13.754 Info] Finishing programming session
 [2021-03-06 07:42:14.981 Info] Firmware update completed successfully
